<?xml version="1.0" encoding="UTF-8"?>
<!-- Generated by org.testng.reporters.JUnitXMLReporter -->
<testsuite ignored="0" hostname="DESKTOP-GAA2U1H" failures="0" tests="17" name="EdgeTest" time="446.088" errors="0" timestamp="2024-04-21T17:55:53 IST">
  <testcase classname="Project2.GoIbibo.Testcase_01" name="SucesfulRegisterNewUser_Testcase_1" time="10.51"/>
  <testcase classname="Project2.GoIbibo.Testcase_02" name="CheckLoginFunc_Testcase_2" time="6.407"/>
  <testcase classname="Project2.GoIbibo.Testcase_02" name="CheckLoginFunc_Testcase_2" time="8.744"/>
  <testcase classname="Project2.GoIbibo.Testcase_03" name="InvalidCredCheck_Testcase_3" time="4.369"/>
  <testcase classname="Project2.GoIbibo.Testcase_04" name="CheckOnwayFlight_4" time="15.209"/>
  <testcase classname="Project2.GoIbibo.Testcase_05" name="CheckTwowayFlight_5" time="23.731">
    <skipped/>
  </testcase> <!-- CheckTwowayFlight_5 -->
  <testcase classname="Project2.GoIbibo.Testcase_05" name="CheckTwowayFlight_5" time="15.724"/>
  <testcase classname="Project2.GoIbibo.Testcase_06" name="CheckDiffClassesForFlight_6" time="6.896"/>
  <testcase classname="Project2.GoIbibo.Testcase_07" name="CheckMultiCityFlightSearch_7" time="16.02"/>
  <testcase classname="Project2.GoIbibo.Testcase_08" name="CheckSeatSelection_8" time="33.584"/>
  <testcase classname="Project2.GoIbibo.Testcase_09" name="ValidateMultiPassenger_9" time="24.848"/>
  <testcase classname="Project2.GoIbibo.Testcase_10" name="ValidateFlightInfo_10" time="26.857"/>
  <testcase classname="Project2.GoIbibo.Testcase_11" name="ValidateFieldsOnPage_11" time="18.73"/>
  <testcase classname="Project2.GoIbibo.Testcase_12" name="ValidateLogin_Logout_12" time="35.25"/>
  <testcase classname="Project2.GoIbibo.Testcase_13" name="ValidateApplyCoupon_13" time="15.802"/>
  <testcase classname="Project2.GoIbibo.Testcase_14" name="ValidateDomesticRoundTrip_14" time="16.422"/>
  <testcase classname="Project2.GoIbibo.Testcase_15" name="CheckPaymentPageRoute_15" time="28.657"/>
</testsuite> <!-- EdgeTest -->
